# JRE version: Java(TM) SE Runtime Environment (8.0_151-b12) (build 1.8.0_151-b12)
# Java VM: Java HotSpot(TM) 64-Bit Server VM (25.151-b12 mixed mode windows-amd64 compressed oops)
Heap:
 PSYoungGen      total 308224K, used 188512K [0x00000000d6000000, 0x00000000ede00000, 0x0000000100000000)
  eden space 289792K, 62% used [0x00000000d6000000,0x00000000e0fd9b90,0x00000000e7b00000)
  from space 18432K, 45% used [0x00000000ecc00000,0x00000000ed43e6d8,0x00000000ede00000)
  to   space 50688K, 0% used [0x00000000e7b00000,0x00000000e7b00000,0x00000000eac80000)
 ParOldGen       total 159744K, used 99112K [0x0000000082000000, 0x000000008bc00000, 0x00000000d6000000)
  object space 159744K, 62% used [0x0000000082000000,0x00000000880ca228,0x000000008bc00000)
 Metaspace       used 29431K, capacity 29647K, committed 30080K, reserved 1075200K
  class space    used 3612K, capacity 3698K, committed 3712K, reserved 1048576K
GC Heap History (10 events):
Event: 10.631 GC heap before
{Heap before GC invocations=17 (full 2):
 PSYoungGen      total 199168K, used 199164K [0x00000000d6000000, 0x00000000e4280000, 0x0000000100000000)
  eden space 189952K, 100% used [0x00000000d6000000,0x00000000e1980000,0x00000000e1980000)
  from space 9216K, 99% used [0x00000000e2b80000,0x00000000e347f2f8,0x00000000e3480000)
  to   space 18432K, 0% used [0x00000000e1980000,0x00000000e1980000,0x00000000e2b80000)
 ParOldGen       total 77824K, used 48985K [0x0000000082000000, 0x0000000086c00000, 0x00000000d6000000)
  object space 77824K, 62% used [0x0000000082000000,0x0000000084fd6548,0x0000000086c00000)
 Metaspace       used 24918K, capacity 25127K, committed 25472K, reserved 1071104K
  class space    used 3060K, capacity 3112K, committed 3200K, reserved 1048576K
Event: 10.660 GC heap after
Heap after GC invocations=17 (full 2):
 PSYoungGen      total 208384K, used 18431K [0x00000000d6000000, 0x00000000e9600000, 0x0000000100000000)
  eden space 189952K, 0% used [0x00000000d6000000,0x00000000d6000000,0x00000000e1980000)
  from space 18432K, 99% used [0x00000000e1980000,0x00000000e2b7fe00,0x00000000e2b80000)
  to   space 32256K, 0% used [0x00000000e7680000,0x00000000e7680000,0x00000000e9600000)
 ParOldGen       total 78336K, used 78283K [0x0000000082000000, 0x0000000086c80000, 0x00000000d6000000)
  object space 78336K, 99% used [0x0000000082000000,0x0000000086c72d90,0x0000000086c80000)
 Metaspace       used 24918K, capacity 25127K, committed 25472K, reserved 1071104K
  class space    used 3060K, capacity 3112K, committed 3200K, reserved 1048576K
}
Event: 10.660 GC heap before
{Heap before GC invocations=18 (full 3):
 PSYoungGen      total 208384K, used 18431K [0x00000000d6000000, 0x00000000e9600000, 0x0000000100000000)
  eden space 189952K, 0% used [0x00000000d6000000,0x00000000d6000000,0x00000000e1980000)
  from space 18432K, 99% used [0x00000000e1980000,0x00000000e2b7fe00,0x00000000e2b80000)
  to   space 32256K, 0% used [0x00000000e7680000,0x00000000e7680000,0x00000000e9600000)
 ParOldGen       total 78336K, used 78283K [0x0000000082000000, 0x0000000086c80000, 0x00000000d6000000)
  object space 78336K, 99% used [0x0000000082000000,0x0000000086c72d90,0x0000000086c80000)
 Metaspace       used 24918K, capacity 25127K, committed 25472K, reserved 1071104K
  class space    used 3060K, capacity 3112K, committed 3200K, reserved 1048576K
Event: 10.784 GC heap after
Heap after GC invocations=18 (full 3):
 PSYoungGen      total 208384K, used 0K [0x00000000d6000000, 0x00000000e9600000, 0x0000000100000000)
  eden space 189952K, 0% used [0x00000000d6000000,0x00000000d6000000,0x00000000e1980000)
  from space 18432K, 0% used [0x00000000e1980000,0x00000000e1980000,0x00000000e2b80000)
  to   space 32256K, 0% used [0x00000000e7680000,0x00000000e7680000,0x00000000e9600000)
 ParOldGen       total 159744K, used 73373K [0x0000000082000000, 0x000000008bc00000, 0x00000000d6000000)
  object space 159744K, 45% used [0x0000000082000000,0x00000000867a7558,0x000000008bc00000)
 Metaspace       used 24918K, capacity 25127K, committed 25472K, reserved 1071104K
  class space    used 3060K, capacity 3112K, committed 3200K, reserved 1048576K
}
Event: 12.031 GC heap before
{Heap before GC invocations=19 (full 3):
 PSYoungGen      total 208384K, used 189952K [0x00000000d6000000, 0x00000000e9600000, 0x0000000100000000)
  eden space 189952K, 100% used [0x00000000d6000000,0x00000000e1980000,0x00000000e1980000)
  from space 18432K, 0% used [0x00000000e1980000,0x00000000e1980000,0x00000000e2b80000)
  to   space 32256K, 0% used [0x00000000e7680000,0x00000000e7680000,0x00000000e9600000)
 ParOldGen       total 159744K, used 73373K [0x0000000082000000, 0x000000008bc00000, 0x00000000d6000000)
  object space 159744K, 45% used [0x0000000082000000,0x00000000867a7558,0x000000008bc00000)
 Metaspace       used 24952K, capacity 25191K, committed 25472K, reserved 1071104K
  class space    used 3060K, capacity 3112K, committed 3200K, reserved 1048576K
Event: 12.056 GC heap after
Heap after GC invocations=19 (full 3):
 PSYoungGen      total 275968K, used 32228K [0x00000000d6000000, 0x00000000ea500000, 0x0000000100000000)
  eden space 243712K, 0% used [0x00000000d6000000,0x00000000d6000000,0x00000000e4e00000)
  from space 32256K, 99% used [0x00000000e7680000,0x00000000e95f9230,0x00000000e9600000)
  to   space 41472K, 0% used [0x00000000e4e00000,0x00000000e4e00000,0x00000000e7680000)
 ParOldGen       total 159744K, used 83535K [0x0000000082000000, 0x000000008bc00000, 0x00000000d6000000)
  object space 159744K, 52% used [0x0000000082000000,0x0000000087193d28,0x000000008bc00000)
 Metaspace       used 24952K, capacity 25191K, committed 25472K, reserved 1071104K
  class space    used 3060K, capacity 3112K, committed 3200K, reserved 1048576K
}
Event: 14.115 GC heap before
{Heap before GC invocations=20 (full 3):
 PSYoungGen      total 275968K, used 275940K [0x00000000d6000000, 0x00000000ea500000, 0x0000000100000000)
  eden space 243712K, 100% used [0x00000000d6000000,0x00000000e4e00000,0x00000000e4e00000)
  from space 32256K, 99% used [0x00000000e7680000,0x00000000e95f9230,0x00000000e9600000)
  to   space 41472K, 0% used [0x00000000e4e00000,0x00000000e4e00000,0x00000000e7680000)
 ParOldGen       total 159744K, used 83535K [0x0000000082000000, 0x000000008bc00000, 0x00000000d6000000)
  object space 159744K, 52% used [0x0000000082000000,0x0000000087193d28,0x000000008bc00000)
 Metaspace       used 25852K, capacity 26087K, committed 26368K, reserved 1073152K
  class space    used 3189K, capacity 3304K, committed 3328K, reserved 1048576K
Event: 14.161 GC heap after
Heap after GC invocations=20 (full 3):
 PSYoungGen      total 285184K, used 41455K [0x00000000d6000000, 0x00000000eff00000, 0x0000000100000000)
  eden space 243712K, 0% used [0x00000000d6000000,0x00000000d6000000,0x00000000e4e00000)
  from space 41472K, 99% used [0x00000000e4e00000,0x00000000e767bc88,0x00000000e7680000)
  to   space 52224K, 0% used [0x00000000ecc00000,0x00000000ecc00000,0x00000000eff00000)
 ParOldGen       total 159744K, used 92574K [0x0000000082000000, 0x000000008bc00000, 0x00000000d6000000)
  object space 159744K, 57% used [0x0000000082000000,0x0000000087a67960,0x000000008bc00000)
 Metaspace       used 25852K, capacity 26087K, committed 26368K, reserved 1073152K
  class space    used 3189K, capacity 3304K, committed 3328K, reserved 1048576K
}
Event: 17.214 GC heap before
{Heap before GC invocations=21 (full 3):
 PSYoungGen      total 285184K, used 285167K [0x00000000d6000000, 0x00000000eff00000, 0x0000000100000000)
  eden space 243712K, 100% used [0x00000000d6000000,0x00000000e4e00000,0x00000000e4e00000)
  from space 41472K, 99% used [0x00000000e4e00000,0x00000000e767bc88,0x00000000e7680000)
  to   space 52224K, 0% used [0x00000000ecc00000,0x00000000ecc00000,0x00000000eff00000)
 ParOldGen       total 159744K, used 92574K [0x0000000082000000, 0x000000008bc00000, 0x00000000d6000000)
  object space 159744K, 57% used [0x0000000082000000,0x0000000087a67960,0x000000008bc00000)
 Metaspace       used 29106K, capacity 29359K, committed 29824K, reserved 1075200K
  class space    used 3599K, capacity 3666K, committed 3712K, reserved 1048576K
Event: 17.225 GC heap after
Heap after GC invocations=21 (full 3):
 PSYoungGen      total 308224K, used 8441K [0x00000000d6000000, 0x00000000ede00000, 0x0000000100000000)
  eden space 289792K, 0% used [0x00000000d6000000,0x00000000d6000000,0x00000000e7b00000)
  from space 18432K, 45% used [0x00000000ecc00000,0x00000000ed43e6d8,0x00000000ede00000)
  to   space 50688K, 0% used [0x00000000e7b00000,0x00000000e7b00000,0x00000000eac80000)
 ParOldGen       total 159744K, used 99112K [0x0000000082000000, 0x000000008bc00000, 0x00000000d6000000)
  object space 159744K, 62% used [0x0000000082000000,0x00000000880ca228,0x000000008bc00000)
 Metaspace       used 29106K, capacity 29359K, committed 29824K, reserved 1075200K
  class space    used 3599K, capacity 3666K, committed 3712K, reserved 1048576K
}

